<?xml version="1.0" encoding="UTF-8"?>
<!-- Generated by org.testng.reporters.JUnitReportReporter -->
<testsuite skipped="0" hostname="DESKTOP-SP1DG6S" name="seleniumActivities.SuiteCRM" tests="9" failures="0" timestamp="2020-07-10T19:48:59 IST" time="115.925" errors="0">
  <testcase name="VerifyWebSiteTitle" time="7.373" classname="seleniumActivities.SuiteCRM"/>
  <system-out/>
  <testcase name="HeaderImageUrl" time="7.084" classname="seleniumActivities.SuiteCRM"/>
  <system-out/>
  <testcase name="FirstCopyRightText" time="7.656" classname="seleniumActivities.SuiteCRM"/>
  <system-out/>
  <testcase name="LoggingSite" time="9.373" classname="seleniumActivities.SuiteCRM"/>
  <system-out/>
  <testcase name="NavigationMenuColor" time="8.962" classname="seleniumActivities.SuiteCRM"/>
  <system-out/>
  <testcase name="ActivitiesMenuChecking" time="8.980" classname="seleniumActivities.SuiteCRM"/>
  <system-out/>
  <testcase name="ReadingAdditionalInformation" time="30.126" classname="seleniumActivities.SuiteCRM"/>
  <system-out/>
  <testcase name="TraversingTables" time="18.781" classname="seleniumActivities.SuiteCRM"/>
  <system-out/>
  <testcase name="TraversingTables2" time="17.590" classname="seleniumActivities.SuiteCRM"/>
  <system-out/>
</testsuite> <!-- seleniumActivities.SuiteCRM -->
